<?xml version="1.0" encoding="UTF-8"?>
<!-- Generated by org.testng.reporters.JUnitXMLReporter -->
<testsuite hostname="Matheus" ignored="0" name="Command line test" tests="2" failures="0" timestamp="2020-10-28T18:09:56 BRT" time="75.883" errors="0">
  <testcase name="runScenario" time="37.268" classname="io.cucumber.testng.AbstractTestNGCucumberTests"/>
  <testcase name="runScenario" time="37.924" classname="io.cucumber.testng.AbstractTestNGCucumberTests"/>
</testsuite> <!-- Command line test -->
