<?xml version="1.0" encoding="UTF-8"?>
<testng-results skipped="0" failed="1" ignored="0" total="2" passed="1">
  <reporter-output>
  </reporter-output>
  <suite name="compasso.livelo.TestRunner" duration-ms="91754" started-at="2020-10-28T15:43:13 BRT" finished-at="2020-10-28T15:44:44 BRT">
    <groups>
      <group name="cucumber">
        <method signature="AbstractTestNGCucumberTests.runScenario(io.cucumber.testng.PickleWrapper, io.cucumber.testng.FeatureWrapper)[pri:0, instance:compasso.livelo.TestRunner@56ef9176]" name="runScenario" class="io.cucumber.testng.AbstractTestNGCucumberTests"/>
      </group> <!-- cucumber -->
    </groups>
    <test name="Command line test" duration-ms="91754" started-at="2020-10-28T15:43:13 BRT" finished-at="2020-10-28T15:44:44 BRT">
      <class name="compasso.livelo.TestRunner">
        <test-method status="PASS" signature="setUpClass()[pri:0, instance:compasso.livelo.TestRunner@56ef9176]" name="setUpClass" is-config="true" duration-ms="983" started-at="2020-10-28T15:43:13 BRT" finished-at="2020-10-28T15:43:14 BRT">
          <reporter-output>
          </reporter-output>
        </test-method> <!-- setUpClass -->
        <test-method status="PASS" signature="runScenario(io.cucumber.testng.PickleWrapper, io.cucumber.testng.FeatureWrapper)[pri:0, instance:compasso.livelo.TestRunner@56ef9176]" name="runScenario" duration-ms="47739" started-at="2020-10-28T15:43:14 BRT" description="Runs Cucumber Scenarios" data-provider="scenarios" finished-at="2020-10-28T15:44:02 BRT">
          <params>
            <param index="0">
              <value>
                <![CDATA["Adicionar produto ao carrinho de compras"]]>
              </value>
            </param>
            <param index="1">
              <value>
                <![CDATA["Optional[Carrinho de compra]"]]>
              </value>
            </param>
          </params>
          <reporter-output>
          </reporter-output>
        </test-method> <!-- runScenario -->
        <test-method status="FAIL" signature="runScenario(io.cucumber.testng.PickleWrapper, io.cucumber.testng.FeatureWrapper)[pri:0, instance:compasso.livelo.TestRunner@56ef9176]" name="runScenario" duration-ms="42910" started-at="2020-10-28T15:44:02 BRT" description="Runs Cucumber Scenarios" data-provider="scenarios" finished-at="2020-10-28T15:44:44 BRT">
          <params>
            <param index="0">
              <value>
                <![CDATA["Adicionar produto ao carrinho de compras"]]>
              </value>
            </param>
            <param index="1">
              <value>
                <![CDATA["Optional[Carrinho de compra]"]]>
              </value>
            </param>
          </params>
          <exception class="org.openqa.selenium.NoSuchElementException">
            <message>
              <![CDATA[no such element: Unable to locate element: {"method":"css selector","selector":"#cc-prodDetails-addToCart"}
  (Session info: chrome=86.0.4240.111)
For documentation on this error, please visit: https://www.seleniumhq.org/exceptions/no_such_element.html
Build info: version: '3.141.59', revision: 'e82be7d358', time: '2018-11-14T08:17:03'
System info: host: 'MATHEUS', ip: '192.168.91.157', os.name: 'Windows 10', os.arch: 'amd64', os.version: '10.0', java.version: '1.8.0_211'
Driver info: org.openqa.selenium.chrome.ChromeDriver
Capabilities {acceptInsecureCerts: false, browserName: chrome, browserVersion: 86.0.4240.111, chrome: {chromedriverVersion: 86.0.4240.22 (398b0743353ff..., userDataDir: C:\Users\Matheus\AppData\Lo...}, goog:chromeOptions: {debuggerAddress: localhost:64950}, javascriptEnabled: true, networkConnectionEnabled: false, pageLoadStrategy: normal, platform: WINDOWS, platformName: WINDOWS, proxy: Proxy(), setWindowRect: true, strictFileInteractability: false, timeouts: {implicit: 0, pageLoad: 300000, script: 30000}, unhandledPromptBehavior: dismiss and notify, webauthn:virtualAuthenticators: true}
Session ID: 3f822b247680e95f13b4df2e9bbd03a3
*** Element info: {Using=css selector, value=#cc-prodDetails-addToCart}]]>
            </message>
            <full-stacktrace>
              <![CDATA[org.openqa.selenium.NoSuchElementException: no such element: Unable to locate element: {"method":"css selector","selector":"#cc-prodDetails-addToCart"}
  (Session info: chrome=86.0.4240.111)
For documentation on this error, please visit: https://www.seleniumhq.org/exceptions/no_such_element.html
Build info: version: '3.141.59', revision: 'e82be7d358', time: '2018-11-14T08:17:03'
System info: host: 'MATHEUS', ip: '192.168.91.157', os.name: 'Windows 10', os.arch: 'amd64', os.version: '10.0', java.version: '1.8.0_211'
Driver info: org.openqa.selenium.chrome.ChromeDriver
Capabilities {acceptInsecureCerts: false, browserName: chrome, browserVersion: 86.0.4240.111, chrome: {chromedriverVersion: 86.0.4240.22 (398b0743353ff..., userDataDir: C:\Users\Matheus\AppData\Lo...}, goog:chromeOptions: {debuggerAddress: localhost:64950}, javascriptEnabled: true, networkConnectionEnabled: false, pageLoadStrategy: normal, platform: WINDOWS, platformName: WINDOWS, proxy: Proxy(), setWindowRect: true, strictFileInteractability: false, timeouts: {implicit: 0, pageLoad: 300000, script: 30000}, unhandledPromptBehavior: dismiss and notify, webauthn:virtualAuthenticators: true}
Session ID: 3f822b247680e95f13b4df2e9bbd03a3
*** Element info: {Using=css selector, value=#cc-prodDetails-addToCart}
at sun.reflect.NativeConstructorAccessorImpl.newInstance0(Native Method)
at sun.reflect.NativeConstructorAccessorImpl.newInstance(NativeConstructorAccessorImpl.java:62)
at sun.reflect.DelegatingConstructorAccessorImpl.newInstance(DelegatingConstructorAccessorImpl.java:45)
at java.lang.reflect.Constructor.newInstance(Constructor.java:423)
at org.openqa.selenium.remote.http.W3CHttpResponseCodec.createException(W3CHttpResponseCodec.java:187)
at org.openqa.selenium.remote.http.W3CHttpResponseCodec.decode(W3CHttpResponseCodec.java:122)
at org.openqa.selenium.remote.http.W3CHttpResponseCodec.decode(W3CHttpResponseCodec.java:49)
at org.openqa.selenium.remote.HttpCommandExecutor.execute(HttpCommandExecutor.java:158)
at org.openqa.selenium.remote.service.DriverCommandExecutor.execute(DriverCommandExecutor.java:83)
at org.openqa.selenium.remote.RemoteWebDriver.execute(RemoteWebDriver.java:552)
at org.openqa.selenium.remote.RemoteWebDriver.findElement(RemoteWebDriver.java:323)
at org.openqa.selenium.remote.RemoteWebDriver.findElementByCssSelector(RemoteWebDriver.java:420)
at org.openqa.selenium.By$ByCssSelector.findElement(By.java:431)
at org.openqa.selenium.remote.RemoteWebDriver.findElement(RemoteWebDriver.java:315)
at compasso.livelo.pages.ProductDetailPage.adicionarProdutoAoCarrinho(ProductDetailPage.java:20)
at compasso.livelo.stepdefs.StepDefitions.adicionar_o_produto_ao_carrinho(StepDefitions.java:60)
at ✽.adicionar o produto ao carrinho(file:///C:/Users/Matheus/desafios-workspace/livelo/src/test/resources/features/carrinho.feature:13)
]]>
            </full-stacktrace>
          </exception> <!-- org.openqa.selenium.NoSuchElementException -->
          <reporter-output>
          </reporter-output>
        </test-method> <!-- runScenario -->
        <test-method status="PASS" signature="tearDownClass()[pri:0, instance:compasso.livelo.TestRunner@56ef9176]" name="tearDownClass" is-config="true" duration-ms="20" started-at="2020-10-28T15:44:44 BRT" finished-at="2020-10-28T15:44:44 BRT">
          <reporter-output>
          </reporter-output>
        </test-method> <!-- tearDownClass -->
      </class> <!-- compasso.livelo.TestRunner -->
    </test> <!-- Command line test -->
  </suite> <!-- compasso.livelo.TestRunner -->
</testng-results>
