<?xml version="1.0" encoding="UTF-8"?>
<testng-results skipped="0" failed="0" ignored="0" total="1" passed="1">
  <reporter-output>
  </reporter-output>
  <suite name="compasso.livelo.TestRunner" duration-ms="43961" started-at="2020-10-27T21:47:26 BRT" finished-at="2020-10-27T21:48:10 BRT">
    <groups>
      <group name="cucumber">
        <method signature="AbstractTestNGCucumberTests.runScenario(io.cucumber.testng.PickleWrapper, io.cucumber.testng.FeatureWrapper)[pri:0, instance:compasso.livelo.TestRunner@56ef9176]" name="runScenario" class="io.cucumber.testng.AbstractTestNGCucumberTests"/>
      </group> <!-- cucumber -->
    </groups>
    <test name="Command line test" duration-ms="43961" started-at="2020-10-27T21:47:26 BRT" finished-at="2020-10-27T21:48:10 BRT">
      <class name="compasso.livelo.TestRunner">
        <test-method status="PASS" signature="setUpClass()[pri:0, instance:compasso.livelo.TestRunner@56ef9176]" name="setUpClass" is-config="true" duration-ms="1024" started-at="2020-10-27T21:47:26 BRT" finished-at="2020-10-27T21:47:27 BRT">
          <reporter-output>
          </reporter-output>
        </test-method> <!-- setUpClass -->
        <test-method status="PASS" signature="runScenario(io.cucumber.testng.PickleWrapper, io.cucumber.testng.FeatureWrapper)[pri:0, instance:compasso.livelo.TestRunner@56ef9176]" name="runScenario" duration-ms="42778" started-at="2020-10-27T21:47:27 BRT" description="Runs Cucumber Scenarios" data-provider="scenarios" finished-at="2020-10-27T21:48:10 BRT">
          <params>
            <param index="0">
              <value>
                <![CDATA["Adicionar produto ao carrinho de compras"]]>
              </value>
            </param>
            <param index="1">
              <value>
                <![CDATA["Optional[Carrinho de compra]"]]>
              </value>
            </param>
          </params>
          <reporter-output>
          </reporter-output>
        </test-method> <!-- runScenario -->
        <test-method status="PASS" signature="tearDownClass()[pri:0, instance:compasso.livelo.TestRunner@56ef9176]" name="tearDownClass" is-config="true" duration-ms="43" started-at="2020-10-27T21:48:10 BRT" finished-at="2020-10-27T21:48:10 BRT">
          <reporter-output>
          </reporter-output>
        </test-method> <!-- tearDownClass -->
      </class> <!-- compasso.livelo.TestRunner -->
    </test> <!-- Command line test -->
  </suite> <!-- compasso.livelo.TestRunner -->
</testng-results>
